<?xml version="1.0" encoding="UTF-8"?>
<testng-results skipped="0" failed="0" ignored="0" total="5" passed="5">
  <reporter-output>
  </reporter-output>
  <suite name="suite1" duration-ms="73065" started-at="2022-02-15T06:51:50Z" finished-at="2022-02-15T06:53:04Z">
    <groups>
    </groups>
    <test name="Test1" duration-ms="15620" started-at="2022-02-15T06:51:50Z" finished-at="2022-02-15T06:52:06Z">
      <class name="excuterScript.CreateAccount">
        <test-method status="PASS" signature="openBrowser(java.lang.String)[pri:0, instance:excuterScript.CreateAccount@1bce4f0a]" name="openBrowser" is-config="true" duration-ms="3558" started-at="2022-02-15T06:51:50Z" finished-at="2022-02-15T06:51:54Z">
          <params>
            <param index="0">
              <value>
                <![CDATA[chrome]]>
              </value>
            </param>
          </params>
          <reporter-output>
          </reporter-output>
        </test-method> <!-- openBrowser -->
        <test-method status="PASS" signature="login()[pri:0, instance:excuterScript.CreateAccount@1bce4f0a]" name="login" duration-ms="12046" started-at="2022-02-15T06:51:54Z" finished-at="2022-02-15T06:52:06Z">
          <reporter-output>
          </reporter-output>
        </test-method> <!-- login -->
      </class> <!-- excuterScript.CreateAccount -->
    </test> <!-- Test1 -->
    <test name="Test2" duration-ms="15179" started-at="2022-02-15T06:52:06Z" finished-at="2022-02-15T06:52:21Z">
      <class name="excuterScript.ContactExcution">
        <test-method status="PASS" signature="openBrowser(java.lang.String)[pri:0, instance:excuterScript.ContactExcution@4f7d0008]" name="openBrowser" is-config="true" duration-ms="3045" started-at="2022-02-15T06:52:06Z" finished-at="2022-02-15T06:52:09Z">
          <params>
            <param index="0">
              <value>
                <![CDATA[chrome]]>
              </value>
            </param>
          </params>
          <reporter-output>
          </reporter-output>
        </test-method> <!-- openBrowser -->
        <test-method status="PASS" signature="contact()[pri:0, instance:excuterScript.ContactExcution@4f7d0008]" name="contact" duration-ms="12133" started-at="2022-02-15T06:52:09Z" finished-at="2022-02-15T06:52:21Z">
          <reporter-output>
          </reporter-output>
        </test-method> <!-- contact -->
      </class> <!-- excuterScript.ContactExcution -->
    </test> <!-- Test2 -->
    <test name="Test3" duration-ms="14636" started-at="2022-02-15T06:52:21Z" finished-at="2022-02-15T06:52:36Z">
      <class name="excuterScript.OpportunityExcution">
        <test-method status="PASS" signature="openBrowser(java.lang.String)[pri:0, instance:excuterScript.OpportunityExcution@2f686d1f]" name="openBrowser" is-config="true" duration-ms="3198" started-at="2022-02-15T06:52:21Z" finished-at="2022-02-15T06:52:24Z">
          <params>
            <param index="0">
              <value>
                <![CDATA[chrome]]>
              </value>
            </param>
          </params>
          <reporter-output>
          </reporter-output>
        </test-method> <!-- openBrowser -->
        <test-method status="PASS" signature="MainOpportunity()[pri:0, instance:excuterScript.OpportunityExcution@2f686d1f]" name="MainOpportunity" duration-ms="11436" started-at="2022-02-15T06:52:24Z" finished-at="2022-02-15T06:52:36Z">
          <reporter-output>
          </reporter-output>
        </test-method> <!-- MainOpportunity -->
      </class> <!-- excuterScript.OpportunityExcution -->
    </test> <!-- Test3 -->
    <test name="Test4" duration-ms="12851" started-at="2022-02-15T06:52:36Z" finished-at="2022-02-15T06:52:49Z">
      <class name="excuterScript.TaskExcution">
        <test-method status="PASS" signature="openBrowser(java.lang.String)[pri:0, instance:excuterScript.TaskExcution@5f2108b5]" name="openBrowser" is-config="true" duration-ms="3070" started-at="2022-02-15T06:52:36Z" finished-at="2022-02-15T06:52:39Z">
          <params>
            <param index="0">
              <value>
                <![CDATA[chrome]]>
              </value>
            </param>
          </params>
          <reporter-output>
          </reporter-output>
        </test-method> <!-- openBrowser -->
        <test-method status="PASS" signature="task()[pri:0, instance:excuterScript.TaskExcution@5f2108b5]" name="task" duration-ms="9778" started-at="2022-02-15T06:52:39Z" finished-at="2022-02-15T06:52:49Z">
          <reporter-output>
          </reporter-output>
        </test-method> <!-- task -->
      </class> <!-- excuterScript.TaskExcution -->
    </test> <!-- Test4 -->
    <test name="Test5" duration-ms="14739" started-at="2022-02-15T06:52:49Z" finished-at="2022-02-15T06:53:04Z">
      <class name="excuterScript.NotesExcution">
        <test-method status="PASS" signature="openBrowser(java.lang.String)[pri:0, instance:excuterScript.NotesExcution@59494225]" name="openBrowser" is-config="true" duration-ms="3116" started-at="2022-02-15T06:52:49Z" finished-at="2022-02-15T06:52:52Z">
          <params>
            <param index="0">
              <value>
                <![CDATA[chrome]]>
              </value>
            </param>
          </params>
          <reporter-output>
          </reporter-output>
        </test-method> <!-- openBrowser -->
        <test-method status="PASS" signature="note()[pri:0, instance:excuterScript.NotesExcution@59494225]" name="note" duration-ms="11620" started-at="2022-02-15T06:52:52Z" finished-at="2022-02-15T06:53:04Z">
          <reporter-output>
          </reporter-output>
        </test-method> <!-- note -->
        <test-method status="PASS" signature="test()[pri:0, instance:excuterScript.NotesExcution@59494225]" name="test" is-config="true" duration-ms="4129" started-at="2022-02-15T06:53:04Z" finished-at="2022-02-15T06:53:08Z">
          <reporter-output>
          </reporter-output>
        </test-method> <!-- test -->
      </class> <!-- excuterScript.NotesExcution -->
    </test> <!-- Test5 -->
  </suite> <!-- suite1 -->
</testng-results>
